<?xml version="1.0" encoding="UTF-8"?>
<testsuite xmlns:xsi="http://www.w3.org/2001/XMLSchema-instance" xsi:noNamespaceSchemaLocation="https://maven.apache.org/surefire/maven-surefire-plugin/xsd/surefire-test-report-3.0.xsd" version="3.0" name="vn.iostar.DemoSpringbootApplicationTests" time="10.6" tests="1" errors="0" skipped="0" failures="0">
  <properties>
[...]
</properties>
  <testcase name="contextLoads" classname="vn.iostar.DemoSpringbootApplicationTests" time="0.843">
    <system-out><![CDATA[08:19:17.038 [main] INFO org.springframework.test.context.support.AnnotationConfigContextLoaderUtils -- Could not detect default configuration classes for test class [vn.iostar.DemoSpringbootApplicationTests]: DemoSpringbootApplicationTests does not declare any static, non-private, non-final, nested classes annotated with @Configuration.
08:19:17.214 [main] INFO org.springframework.boot.test.context.SpringBootTestContextBootstrapper -- Found @SpringBootConfiguration vn.iostar.DemoSpringbootThymeleafApplication for test class vn.iostar.DemoSpringbootApplicationTests
08:19:17.513 [main] INFO org.springframework.boot.devtools.restart.RestartApplicationListener -- Restart disabled due to context in which it is running

  .   ____          _            __ _ _
 /\\ / ___'_ __ _ _(_)_ __  __ _ \ \ \ \
( ( )\___ | '_ | '_| | '_ \/ _` | \ \ \ \
 \\/  ___)| |_)| | | | | || (_| |  ) ) ) )
  '  |____| .__|_| |_|_| |_\__, | / / / /
 =========|_|==============|___/=/_/_/_/

 :: Spring Boot ::                (v3.3.5)

2024-10-30T08:19:18.174+07:00  INFO 13192 --- [demo_springboot_thymeleaf] [           main] v.iostar.DemoSpringbootApplicationTests  : Starting DemoSpringbootApplicationTests using Java 22 with PID 13192 (started by Windows in D:\HocTap\Nam 3\LTWEB-NEW\demo_springboot_thymeleaf)
2024-10-30T08:19:18.177+07:00  INFO 13192 --- [demo_springboot_thymeleaf] [           main] v.iostar.DemoSpringbootApplicationTests  : No active profile set, falling back to 1 default profile: "default"
2024-10-30T08:19:20.182+07:00  INFO 13192 --- [demo_springboot_thymeleaf] [           main] .s.d.r.c.RepositoryConfigurationDelegate : Bootstrapping Spring Data JPA repositories in DEFAULT mode.
2024-10-30T08:19:20.300+07:00  INFO 13192 --- [demo_springboot_thymeleaf] [           main] .s.d.r.c.RepositoryConfigurationDelegate : Finished Spring Data repository scanning in 102 ms. Found 1 JPA repository interface.
2024-10-30T08:19:21.350+07:00  INFO 13192 --- [demo_springboot_thymeleaf] [           main] o.hibernate.jpa.internal.util.LogHelper  : HHH000204: Processing PersistenceUnitInfo [name: default]
2024-10-30T08:19:21.488+07:00  INFO 13192 --- [demo_springboot_thymeleaf] [           main] org.hibernate.Version                    : HHH000412: Hibernate ORM core version 6.5.3.Final
2024-10-30T08:19:21.548+07:00  INFO 13192 --- [demo_springboot_thymeleaf] [           main] o.h.c.internal.RegionFactoryInitiator    : HHH000026: Second-level cache disabled
2024-10-30T08:19:22.168+07:00  INFO 13192 --- [demo_springboot_thymeleaf] [           main] o.s.o.j.p.SpringPersistenceUnitInfo      : No LoadTimeWeaver setup: ignoring JPA class transformer
2024-10-30T08:19:22.233+07:00  INFO 13192 --- [demo_springboot_thymeleaf] [           main] com.zaxxer.hikari.HikariDataSource       : HikariPool-1 - Starting...
2024-10-30T08:19:22.672+07:00  INFO 13192 --- [demo_springboot_thymeleaf] [           main] com.zaxxer.hikari.pool.HikariPool        : HikariPool-1 - Added connection ConnectionID:1 ClientConnectionId: 4d5333b1-df7f-48c9-91a7-11396043e22c
2024-10-30T08:19:22.677+07:00  INFO 13192 --- [demo_springboot_thymeleaf] [           main] com.zaxxer.hikari.HikariDataSource       : HikariPool-1 - Start completed.
2024-10-30T08:19:22.726+07:00  WARN 13192 --- [demo_springboot_thymeleaf] [           main] org.hibernate.orm.deprecation            : HHH90000025: SQLServerDialect does not need to be specified explicitly using 'hibernate.dialect' (remove the property setting and it will be selected by default)
2024-10-30T08:19:24.096+07:00  INFO 13192 --- [demo_springboot_thymeleaf] [           main] o.h.e.t.j.p.i.JtaPlatformInitiator       : HHH000489: No JTA platform available (set 'hibernate.transaction.jta.platform' to enable JTA platform integration)
Hibernate: 
    create table category (
        category_id int identity not null,
        category_name nvarchar(200) NOT NULL,
        primary key (category_id)
    )
2024-10-30T08:19:24.575+07:00  INFO 13192 --- [demo_springboot_thymeleaf] [           main] j.LocalContainerEntityManagerFactoryBean : Initialized JPA EntityManagerFactory for persistence unit 'default'
2024-10-30T08:19:25.498+07:00  WARN 13192 --- [demo_springboot_thymeleaf] [           main] JpaBaseConfiguration$JpaWebConfiguration : spring.jpa.open-in-view is enabled by default. Therefore, database queries may be performed during view rendering. Explicitly configure spring.jpa.open-in-view to disable this warning
2024-10-30T08:19:26.169+07:00  WARN 13192 --- [demo_springboot_thymeleaf] [           main] ion$DefaultTemplateResolverConfiguration : Cannot find template location: classpath:/templates/ (please add some templates, check your Thymeleaf configuration, or set spring.thymeleaf.check-template-location=false)
2024-10-30T08:19:26.442+07:00  INFO 13192 --- [demo_springboot_thymeleaf] [           main] v.iostar.DemoSpringbootApplicationTests  : Started DemoSpringbootApplicationTests in 8.959 seconds (process running for 10.85)
]]></system-out>
    <system-err><![CDATA[WARNING: A Java agent has been loaded dynamically (D:\.m2\repository\net\bytebuddy\byte-buddy-agent\1.14.19\byte-buddy-agent-1.14.19.jar)
WARNING: If a serviceability tool is in use, please run with -XX:+EnableDynamicAgentLoading to hide this warning
WARNING: If a serviceability tool is not in use, please run with -Djdk.instrument.traceUsage for more information
WARNING: Dynamic loading of agents will be disallowed by default in a future release
]]></system-err>
  </testcase>
</testsuite>